This file contains any messages produced by compilers while
running configure, to aid debugging if configure makes a mistake.

It was created by bassplay_gtk configure 0.1.6, which was
generated by GNU Autoconf 2.69.  Invocation command line was

  $ /home/alek/work/bassplay/configure --enable-maintainer-mode --no-create --no-recursion

## --------- ##
## Platform. ##
## --------- ##

hostname = alek-Lenovo-G560
uname -m = x86_64
uname -r = 3.11.0-12-generic
uname -s = Linux
uname -v = #19-Ubuntu SMP Wed Oct 9 16:20:46 UTC 2013

/usr/bin/uname -p = unknown
/bin/uname -X     = unknown

/bin/arch              = unknown
/usr/bin/arch -k       = unknown
/usr/convex/getsysinfo = unknown
/usr/bin/hostinfo      = unknown
/bin/machine           = unknown
/usr/bin/oslevel       = unknown
/bin/universe          = unknown

PATH: /usr/local/sbin
PATH: /usr/local/bin
PATH: /usr/sbin
PATH: /usr/bin
PATH: /sbin
PATH: /bin
PATH: /usr/games
PATH: /usr/local/games


## ----------- ##
## Core tests. ##
## ----------- ##

configure:2453: checking for a BSD-compatible install
configure:2521: result: /usr/bin/install -c
configure:2532: checking whether build environment is sane
configure:2582: result: yes
configure:2723: checking for a thread-safe mkdir -p
configure:2762: result: /bin/mkdir -p
configure:2775: checking for gawk
configure:2791: found /usr/bin/gawk
configure:2802: result: gawk
configure:2813: checking whether make sets $(MAKE)
configure:2835: result: yes
configure:2918: checking whether to enable maintainer-specific portions of Makefiles
configure:2927: result: yes
configure:2989: checking for gcc
configure:3005: found /usr/bin/gcc
configure:3016: result: gcc
configure:3245: checking for C compiler version
configure:3254: gcc --version >&5
gcc (Ubuntu/Linaro 4.8.1-10ubuntu9) 4.8.1
Copyright (C) 2013 Free Software Foundation, Inc.
This is free software; see the source for copying conditions.  There is NO
warranty; not even for MERCHANTABILITY or FITNESS FOR A PARTICULAR PURPOSE.

configure:3265: $? = 0
configure:3254: gcc -v >&5
Using built-in specs.
COLLECT_GCC=gcc
COLLECT_LTO_WRAPPER=/usr/lib/gcc/x86_64-linux-gnu/4.8/lto-wrapper
Target: x86_64-linux-gnu
Configured with: ../src/configure -v --with-pkgversion='Ubuntu/Linaro 4.8.1-10ubuntu9' --with-bugurl=file:///usr/share/doc/gcc-4.8/README.Bugs --enable-languages=c,c++,java,go,d,fortran,objc,obj-c++ --prefix=/usr --program-suffix=-4.8 --enable-shared --enable-linker-build-id --libexecdir=/usr/lib --without-included-gettext --enable-threads=posix --with-gxx-include-dir=/usr/include/c++/4.8 --libdir=/usr/lib --enable-nls --with-sysroot=/ --enable-clocale=gnu --enable-libstdcxx-debug --enable-libstdcxx-time=yes --enable-gnu-unique-object --enable-plugin --with-system-zlib --disable-browser-plugin --enable-java-awt=gtk --enable-gtk-cairo --with-java-home=/usr/lib/jvm/java-1.5.0-gcj-4.8-amd64/jre --enable-java-home --with-jvm-root-dir=/usr/lib/jvm/java-1.5.0-gcj-4.8-amd64 --with-jvm-jar-dir=/usr/lib/jvm-exports/java-1.5.0-gcj-4.8-amd64 --with-arch-directory=amd64 --with-ecj-jar=/usr/share/java/eclipse-ecj.jar --enable-objc-gc --enable-multiarch --disable-werror --with-arch-32=i686 --with-abi=m64 --with-multilib-list=m32,m64,mx32 --with-tune=generic --enable-checking=release --build=x86_64-linux-gnu --host=x86_64-linux-gnu --target=x86_64-linux-gnu
Thread model: posix
gcc version 4.8.1 (Ubuntu/Linaro 4.8.1-10ubuntu9) 
configure:3265: $? = 0
configure:3254: gcc -V >&5
gcc: error: unrecognized command line option '-V'
gcc: fatal error: no input files
compilation terminated.
configure:3265: $? = 4
configure:3254: gcc -qversion >&5
gcc: error: unrecognized command line option '-qversion'
gcc: fatal error: no input files
compilation terminated.
configure:3265: $? = 4
configure:3285: checking whether the C compiler works
configure:3307: gcc    conftest.c  >&5
configure:3311: $? = 0
configure:3359: result: yes
configure:3362: checking for C compiler default output file name
configure:3364: result: a.out
configure:3370: checking for suffix of executables
configure:3377: gcc -o conftest    conftest.c  >&5
configure:3381: $? = 0
configure:3403: result: 
configure:3425: checking whether we are cross compiling
configure:3433: gcc -o conftest    conftest.c  >&5
configure:3437: $? = 0
configure:3444: ./conftest
configure:3448: $? = 0
configure:3463: result: no
configure:3468: checking for suffix of object files
configure:3490: gcc -c   conftest.c >&5
configure:3494: $? = 0
configure:3515: result: o
configure:3519: checking whether we are using the GNU C compiler
configure:3538: gcc -c   conftest.c >&5
configure:3538: $? = 0
configure:3547: result: yes
configure:3556: checking whether gcc accepts -g
configure:3576: gcc -c -g  conftest.c >&5
configure:3576: $? = 0
configure:3617: result: yes
configure:3634: checking for gcc option to accept ISO C89
configure:3697: gcc  -c -g -O2  conftest.c >&5
configure:3697: $? = 0
configure:3710: result: none needed
configure:3741: checking for style of include used by make
configure:3769: result: GNU
configure:3794: checking dependency style of gcc
configure:3904: result: gcc3
configure:3936: checking how to run the C preprocessor
configure:3967: gcc -E  conftest.c
configure:3967: $? = 0
configure:3981: gcc -E  conftest.c
conftest.c:12:28: fatal error: ac_nonexistent.h: No such file or directory
 #include <ac_nonexistent.h>
                            ^
compilation terminated.
configure:3981: $? = 1
configure: failed program was:
| /* confdefs.h */
| #define PACKAGE_NAME "bassplay_gtk"
| #define PACKAGE_TARNAME "bassplay_gtk"
| #define PACKAGE_VERSION "0.1.6"
| #define PACKAGE_STRING "bassplay_gtk 0.1.6"
| #define PACKAGE_BUGREPORT ""
| #define PACKAGE_URL ""
| #define PACKAGE "bassplay_gtk"
| #define VERSION "0.1.6"
| #define GETTEXT_PACKAGE "bassplay_gtk"
| /* end confdefs.h.  */
| #include <ac_nonexistent.h>
configure:4006: result: gcc -E
configure:4026: gcc -E  conftest.c
configure:4026: $? = 0
configure:4040: gcc -E  conftest.c
conftest.c:12:28: fatal error: ac_nonexistent.h: No such file or directory
 #include <ac_nonexistent.h>
                            ^
compilation terminated.
configure:4040: $? = 1
configure: failed program was:
| /* confdefs.h */
| #define PACKAGE_NAME "bassplay_gtk"
| #define PACKAGE_TARNAME "bassplay_gtk"
| #define PACKAGE_VERSION "0.1.6"
| #define PACKAGE_STRING "bassplay_gtk 0.1.6"
| #define PACKAGE_BUGREPORT ""
| #define PACKAGE_URL ""
| #define PACKAGE "bassplay_gtk"
| #define VERSION "0.1.6"
| #define GETTEXT_PACKAGE "bassplay_gtk"
| /* end confdefs.h.  */
| #include <ac_nonexistent.h>
configure:4069: checking for grep that handles long lines and -e
configure:4127: result: /bin/grep
configure:4132: checking for egrep
configure:4194: result: /bin/grep -E
configure:4199: checking for ANSI C header files
configure:4219: gcc -c -g -O2  conftest.c >&5
configure:4219: $? = 0
configure:4292: gcc -o conftest -g -O2   conftest.c  >&5
configure:4292: $? = 0
configure:4292: ./conftest
configure:4292: $? = 0
configure:4303: result: yes
configure:4316: checking for sys/types.h
configure:4316: gcc -c -g -O2  conftest.c >&5
configure:4316: $? = 0
configure:4316: result: yes
configure:4316: checking for sys/stat.h
configure:4316: gcc -c -g -O2  conftest.c >&5
configure:4316: $? = 0
configure:4316: result: yes
configure:4316: checking for stdlib.h
configure:4316: gcc -c -g -O2  conftest.c >&5
configure:4316: $? = 0
configure:4316: result: yes
configure:4316: checking for string.h
configure:4316: gcc -c -g -O2  conftest.c >&5
configure:4316: $? = 0
configure:4316: result: yes
configure:4316: checking for memory.h
configure:4316: gcc -c -g -O2  conftest.c >&5
configure:4316: $? = 0
configure:4316: result: yes
configure:4316: checking for strings.h
configure:4316: gcc -c -g -O2  conftest.c >&5
configure:4316: $? = 0
configure:4316: result: yes
configure:4316: checking for inttypes.h
configure:4316: gcc -c -g -O2  conftest.c >&5
configure:4316: $? = 0
configure:4316: result: yes
configure:4316: checking for stdint.h
configure:4316: gcc -c -g -O2  conftest.c >&5
configure:4316: $? = 0
configure:4316: result: yes
configure:4316: checking for unistd.h
configure:4316: gcc -c -g -O2  conftest.c >&5
configure:4316: $? = 0
configure:4316: result: yes
configure:4331: checking locale.h usability
configure:4331: gcc -c -g -O2  conftest.c >&5
configure:4331: $? = 0
configure:4331: result: yes
configure:4331: checking locale.h presence
configure:4331: gcc -E  conftest.c
configure:4331: $? = 0
configure:4331: result: yes
configure:4331: checking for locale.h
configure:4331: result: yes
configure:4342: checking for LC_MESSAGES
configure:4358: gcc -o conftest -g -O2   conftest.c  >&5
configure:4358: $? = 0
configure:4366: result: yes
configure:4383: checking libintl.h usability
configure:4383: gcc -c -g -O2  conftest.c >&5
configure:4383: $? = 0
configure:4383: result: yes
configure:4383: checking libintl.h presence
configure:4383: gcc -E  conftest.c
configure:4383: $? = 0
configure:4383: result: yes
configure:4383: checking for libintl.h
configure:4383: result: yes
configure:4391: checking for ngettext in libc
configure:4409: gcc -o conftest -g -O2   conftest.c  >&5
configure:4409: $? = 0
configure:4418: result: yes
configure:4422: checking for dgettext in libc
configure:4440: gcc -o conftest -g -O2   conftest.c  >&5
configure:4440: $? = 0
configure:4449: result: yes
configure:4456: checking for bind_textdomain_codeset
configure:4456: gcc -o conftest -g -O2   conftest.c  >&5
configure:4456: $? = 0
configure:4456: result: yes
configure:4732: checking for msgfmt
configure:4759: result: /usr/bin/msgfmt
configure:4770: checking for dcgettext
configure:4770: gcc -o conftest -g -O2   conftest.c   >&5
conftest.c:49:6: warning: conflicting types for built-in function 'dcgettext' [enabled by default]
 char dcgettext ();
      ^
configure:4770: $? = 0
configure:4770: result: yes
configure:4780: checking if msgfmt accepts -c
configure:4795: $MSGFMT -c -o /dev/null conftest.foo
configure:4798: $? = 0
configure:4800: result: yes
configure:4810: checking for gmsgfmt
configure:4841: result: /usr/bin/msgfmt
configure:4851: checking for xgettext
configure:4878: result: /usr/bin/xgettext
configure:4897: gcc -o conftest -g -O2   conftest.c   >&5
configure:4897: $? = 0
configure:5033: checking whether NLS is requested
configure:5042: result: yes
configure:5057: checking for intltool >= 0.35.0
configure:5064: result: 0.50.2 found
configure:5072: checking for intltool-update
configure:5090: found /usr/bin/intltool-update
configure:5102: result: /usr/bin/intltool-update
configure:5112: checking for intltool-merge
configure:5130: found /usr/bin/intltool-merge
configure:5142: result: /usr/bin/intltool-merge
configure:5152: checking for intltool-extract
configure:5170: found /usr/bin/intltool-extract
configure:5182: result: /usr/bin/intltool-extract
configure:5313: checking for xgettext
configure:5343: result: /usr/bin/xgettext
configure:5353: checking for msgmerge
configure:5371: found /usr/bin/msgmerge
configure:5383: result: /usr/bin/msgmerge
configure:5393: checking for msgfmt
configure:5423: result: /usr/bin/msgfmt
configure:5433: checking for gmsgfmt
configure:5464: result: /usr/bin/msgfmt
configure:5484: checking for perl
configure:5502: found /usr/bin/perl
configure:5514: result: /usr/bin/perl
configure:5525: checking for perl >= 5.8.1
configure:5532: result: 5.14.2
configure:5536: checking for XML::Parser
configure:5539: result: ok
configure:5614: checking for BASS_Init in -lbass
configure:5639: gcc -o conftest -g -O2   conftest.c -lbass   >&5
/usr/bin/ld: skipping incompatible /usr/lib/gcc/x86_64-linux-gnu/4.8/../../../../lib/libbass.so when searching for -lbass
/usr/bin/ld: skipping incompatible /usr/lib/../lib/libbass.so when searching for -lbass
/usr/bin/ld: skipping incompatible /usr/lib/gcc/x86_64-linux-gnu/4.8/../../../libbass.so when searching for -lbass
configure:5639: $? = 0
configure:5648: result: yes
configure:5659: checking for g_thread_init in -lgthread-2.0
configure:5684: gcc -o conftest -g -O2   conftest.c -lgthread-2.0  -lbass  >&5
/usr/bin/ld: skipping incompatible /usr/lib/gcc/x86_64-linux-gnu/4.8/../../../../lib/libbass.so when searching for -lbass
/usr/bin/ld: skipping incompatible /usr/lib/../lib/libbass.so when searching for -lbass
/usr/bin/ld: skipping incompatible /usr/lib/gcc/x86_64-linux-gnu/4.8/../../../libbass.so when searching for -lbass
configure:5684: $? = 0
configure:5693: result: yes
configure:5704: checking for pthread_create in -lpthread
configure:5729: gcc -o conftest -g -O2   conftest.c -lpthread  -lgthread-2.0 -lbass  >&5
/usr/bin/ld: skipping incompatible /usr/lib/gcc/x86_64-linux-gnu/4.8/../../../../lib/libbass.so when searching for -lbass
/usr/bin/ld: skipping incompatible /usr/lib/../lib/libbass.so when searching for -lbass
/usr/bin/ld: skipping incompatible /usr/lib/gcc/x86_64-linux-gnu/4.8/../../../libbass.so when searching for -lbass
configure:5729: $? = 0
configure:5738: result: yes
configure:5779: checking build system type
configure:5793: result: x86_64-unknown-linux-gnu
configure:5813: checking host system type
configure:5826: result: x86_64-unknown-linux-gnu
configure:5846: checking for a sed that does not truncate output
configure:5910: result: /bin/sed
configure:5928: checking for fgrep
configure:5990: result: /bin/grep -F
configure:6025: checking for ld used by gcc
configure:6092: result: /usr/bin/ld
configure:6099: checking if the linker (/usr/bin/ld) is GNU ld
configure:6114: result: yes
configure:6126: checking for BSD- or MS-compatible name lister (nm)
configure:6175: result: /usr/bin/nm -B
configure:6293: checking the name lister (/usr/bin/nm -B) interface
configure:6300: gcc -c -g -O2  conftest.c >&5
configure:6303: /usr/bin/nm -B "conftest.o"
configure:6306: output
0000000000000000 B some_variable
configure:6313: result: BSD nm
configure:6316: checking whether ln -s works
configure:6320: result: yes
configure:6328: checking the maximum length of command line arguments
configure:6448: result: 3458764513820540925
configure:6465: checking whether the shell understands some XSI constructs
configure:6475: result: yes
configure:6479: checking whether the shell understands "+="
configure:6485: result: yes
configure:6520: checking for /usr/bin/ld option to reload object files
configure:6527: result: -r
configure:6596: checking for objdump
configure:6612: found /usr/bin/objdump
configure:6623: result: objdump
configure:6655: checking how to recognize dependent libraries
configure:6851: result: pass_all
configure:6911: checking for ar
configure:6927: found /usr/bin/ar
configure:6938: result: ar
configure:7016: checking for strip
configure:7032: found /usr/bin/strip
configure:7043: result: strip
configure:7115: checking for ranlib
configure:7131: found /usr/bin/ranlib
configure:7142: result: ranlib
configure:7232: checking command to parse /usr/bin/nm -B output from gcc object
configure:7350: gcc -c -g -O2  conftest.c >&5
configure:7353: $? = 0
configure:7357: /usr/bin/nm -B conftest.o \| sed -n -e 's/^.*[	 ]\([ABCDGIRSTW][ABCDGIRSTW]*\)[	 ][	 ]*\([_A-Za-z][_A-Za-z0-9]*\)$/\1 \2 \2/p' \> conftest.nm
configure:7360: $? = 0
configure:7414: gcc -o conftest -g -O2   conftest.c conftstm.o >&5
configure:7417: $? = 0
configure:7455: result: ok
configure:7550: gcc -c -g -O2  conftest.c >&5
configure:7553: $? = 0
configure:8260: checking for dlfcn.h
configure:8260: gcc -c -g -O2  conftest.c >&5
configure:8260: $? = 0
configure:8260: result: yes
configure:8444: checking for objdir
configure:8459: result: .libs
configure:8751: checking if gcc supports -fno-rtti -fno-exceptions
configure:8769: gcc -c -g -O2  -fno-rtti -fno-exceptions conftest.c >&5
cc1: warning: command line option '-fno-rtti' is valid for C++/ObjC++ but not for C [enabled by default]
configure:8773: $? = 0
configure:8786: result: no
configure:8806: checking for gcc option to produce PIC
configure:9078: result: -fPIC -DPIC
configure:9090: checking if gcc PIC flag -fPIC -DPIC works
configure:9108: gcc -c -g -O2  -fPIC -DPIC -DPIC conftest.c >&5
configure:9112: $? = 0
configure:9125: result: yes
configure:9149: checking if gcc static flag -static works
configure:9177: result: no
configure:9192: checking if gcc supports -c -o file.o
configure:9213: gcc -c -g -O2  -o out/conftest2.o conftest.c >&5
configure:9217: $? = 0
configure:9239: result: yes
configure:9247: checking if gcc supports -c -o file.o
configure:9294: result: yes
configure:9327: checking whether the gcc linker (/usr/bin/ld -m elf_x86_64) supports shared libraries
configure:10318: result: yes
configure:10355: checking whether -lc should be explicitly linked in
configure:10360: gcc -c -g -O2  conftest.c >&5
configure:10363: $? = 0
configure:10378: gcc -shared conftest.o  -v -Wl,-soname -Wl,conftest -o conftest 2\>\&1 \| /bin/grep  -lc  \>/dev/null 2\>\&1
configure:10381: $? = 0
configure:10393: result: no
configure:10557: checking dynamic linker characteristics
configure:10990: gcc -o conftest -g -O2   -Wl,-rpath -Wl,/foo conftest.c -lpthread -lgthread-2.0 -lbass  >&5
/usr/bin/ld: skipping incompatible /usr/lib/gcc/x86_64-linux-gnu/4.8/../../../../lib/libbass.so when searching for -lbass
/usr/bin/ld: skipping incompatible /usr/lib/../lib/libbass.so when searching for -lbass
/usr/bin/ld: skipping incompatible /usr/lib/gcc/x86_64-linux-gnu/4.8/../../../libbass.so when searching for -lbass
configure:10990: $? = 0
configure:11220: result: GNU/Linux ld.so
configure:11322: checking how to hardcode library paths into programs
configure:11347: result: immediate
configure:11867: checking whether stripping libraries is possible
configure:11872: result: yes
configure:11907: checking if libtool supports shared libraries
configure:11909: result: yes
configure:11912: checking whether to build shared libraries
configure:11933: result: yes
configure:11936: checking whether to build static libraries
configure:11940: result: yes
configure:12031: checking for pkg-config
configure:12049: found /usr/bin/pkg-config
configure:12061: result: /usr/bin/pkg-config
configure:12086: checking pkg-config is at least version 0.9.0
configure:12089: result: yes
configure:12099: checking for BASSPLAY_GTK
configure:12106: $PKG_CONFIG --exists --print-errors "gtk+-2.0 >= 2.16 "
configure:12109: $? = 0
configure:12122: $PKG_CONFIG --exists --print-errors "gtk+-2.0 >= 2.16 "
configure:12125: $? = 0
configure:12182: result: yes
configure:12330: creating ./config.status

## ---------------- ##
## Cache variables. ##
## ---------------- ##

ac_cv_build=x86_64-unknown-linux-gnu
ac_cv_c_compiler_gnu=yes
ac_cv_env_BASSPLAY_GTK_CFLAGS_set=
ac_cv_env_BASSPLAY_GTK_CFLAGS_value=
ac_cv_env_BASSPLAY_GTK_LIBS_set=
ac_cv_env_BASSPLAY_GTK_LIBS_value=
ac_cv_env_CC_set=
ac_cv_env_CC_value=
ac_cv_env_CFLAGS_set=
ac_cv_env_CFLAGS_value=
ac_cv_env_CPPFLAGS_set=
ac_cv_env_CPPFLAGS_value=
ac_cv_env_CPP_set=
ac_cv_env_CPP_value=
ac_cv_env_LDFLAGS_set=
ac_cv_env_LDFLAGS_value=
ac_cv_env_LIBS_set=
ac_cv_env_LIBS_value=
ac_cv_env_PKG_CONFIG_LIBDIR_set=
ac_cv_env_PKG_CONFIG_LIBDIR_value=
ac_cv_env_PKG_CONFIG_PATH_set=
ac_cv_env_PKG_CONFIG_PATH_value=
ac_cv_env_PKG_CONFIG_set=
ac_cv_env_PKG_CONFIG_value=
ac_cv_env_build_alias_set=
ac_cv_env_build_alias_value=
ac_cv_env_host_alias_set=
ac_cv_env_host_alias_value=
ac_cv_env_target_alias_set=
ac_cv_env_target_alias_value=
ac_cv_func_bind_textdomain_codeset=yes
ac_cv_func_dcgettext=yes
ac_cv_header_dlfcn_h=yes
ac_cv_header_inttypes_h=yes
ac_cv_header_libintl_h=yes
ac_cv_header_locale_h=yes
ac_cv_header_memory_h=yes
ac_cv_header_stdc=yes
ac_cv_header_stdint_h=yes
ac_cv_header_stdlib_h=yes
ac_cv_header_string_h=yes
ac_cv_header_strings_h=yes
ac_cv_header_sys_stat_h=yes
ac_cv_header_sys_types_h=yes
ac_cv_header_unistd_h=yes
ac_cv_host=x86_64-unknown-linux-gnu
ac_cv_lib_bass_BASS_Init=yes
ac_cv_lib_gthread_2_0_g_thread_init=yes
ac_cv_lib_pthread_pthread_create=yes
ac_cv_objext=o
ac_cv_path_EGREP='/bin/grep -E'
ac_cv_path_FGREP='/bin/grep -F'
ac_cv_path_GMSGFMT=/usr/bin/msgfmt
ac_cv_path_GREP=/bin/grep
ac_cv_path_INTLTOOL_EXTRACT=/usr/bin/intltool-extract
ac_cv_path_INTLTOOL_MERGE=/usr/bin/intltool-merge
ac_cv_path_INTLTOOL_PERL=/usr/bin/perl
ac_cv_path_INTLTOOL_UPDATE=/usr/bin/intltool-update
ac_cv_path_MSGFMT=/usr/bin/msgfmt
ac_cv_path_MSGMERGE=/usr/bin/msgmerge
ac_cv_path_SED=/bin/sed
ac_cv_path_XGETTEXT=/usr/bin/xgettext
ac_cv_path_ac_pt_PKG_CONFIG=/usr/bin/pkg-config
ac_cv_path_install='/usr/bin/install -c'
ac_cv_path_mkdir=/bin/mkdir
ac_cv_prog_AWK=gawk
ac_cv_prog_CPP='gcc -E'
ac_cv_prog_ac_ct_AR=ar
ac_cv_prog_ac_ct_CC=gcc
ac_cv_prog_ac_ct_OBJDUMP=objdump
ac_cv_prog_ac_ct_RANLIB=ranlib
ac_cv_prog_ac_ct_STRIP=strip
ac_cv_prog_cc_c89=
ac_cv_prog_cc_g=yes
ac_cv_prog_make_make_set=yes
am_cv_CC_dependencies_compiler_type=gcc3
am_cv_val_LC_MESSAGES=yes
gt_cv_func_dgettext_libc=yes
gt_cv_func_dgettext_libintl=no
gt_cv_func_ngettext_libc=yes
gt_cv_have_gettext=yes
lt_cv_deplibs_check_method=pass_all
lt_cv_file_magic_cmd='$MAGIC_CMD'
lt_cv_file_magic_test_file=
lt_cv_ld_reload_flag=-r
lt_cv_nm_interface='BSD nm'
lt_cv_objdir=.libs
lt_cv_path_LD=/usr/bin/ld
lt_cv_path_NM='/usr/bin/nm -B'
lt_cv_prog_compiler_c_o=yes
lt_cv_prog_compiler_pic_works=yes
lt_cv_prog_compiler_rtti_exceptions=no
lt_cv_prog_compiler_static_works=no
lt_cv_prog_gnu_ld=yes
lt_cv_sys_global_symbol_pipe='sed -n -e '\''s/^.*[	 ]\([ABCDGIRSTW][ABCDGIRSTW]*\)[	 ][	 ]*\([_A-Za-z][_A-Za-z0-9]*\)$/\1 \2 \2/p'\'''
lt_cv_sys_global_symbol_to_c_name_address='sed -n -e '\''s/^: \([^ ]*\) $/  {\"\1\", (void *) 0},/p'\'' -e '\''s/^[ABCDGIRSTW]* \([^ ]*\) \([^ ]*\)$/  {"\2", (void *) \&\2},/p'\'''
lt_cv_sys_global_symbol_to_c_name_address_lib_prefix='sed -n -e '\''s/^: \([^ ]*\) $/  {\"\1\", (void *) 0},/p'\'' -e '\''s/^[ABCDGIRSTW]* \([^ ]*\) \(lib[^ ]*\)$/  {"\2", (void *) \&\2},/p'\'' -e '\''s/^[ABCDGIRSTW]* \([^ ]*\) \([^ ]*\)$/  {"lib\2", (void *) \&\2},/p'\'''
lt_cv_sys_global_symbol_to_cdecl='sed -n -e '\''s/^T .* \(.*\)$/extern int \1();/p'\'' -e '\''s/^[ABCDGIRSTW]* .* \(.*\)$/extern char \1;/p'\'''
lt_cv_sys_max_cmd_len=3458764513820540925
pkg_cv_BASSPLAY_GTK_CFLAGS='-pthread -I/usr/include/gtk-2.0 -I/usr/lib/x86_64-linux-gnu/gtk-2.0/include -I/usr/include/atk-1.0 -I/usr/include/cairo -I/usr/include/gdk-pixbuf-2.0 -I/usr/include/pango-1.0 -I/usr/include/gio-unix-2.0/ -I/usr/include/glib-2.0 -I/usr/lib/x86_64-linux-gnu/glib-2.0/include -I/usr/include/pixman-1 -I/usr/include/freetype2 -I/usr/include/libpng12 -I/usr/include/harfbuzz  '
pkg_cv_BASSPLAY_GTK_LIBS='-lgtk-x11-2.0 -lgdk-x11-2.0 -latk-1.0 -lgio-2.0 -lpangoft2-1.0 -lpangocairo-1.0 -lgdk_pixbuf-2.0 -lcairo -lpango-1.0 -lfreetype -lfontconfig -lgobject-2.0 -lglib-2.0  '

## ----------------- ##
## Output variables. ##
## ----------------- ##

ACLOCAL='${SHELL} /home/alek/work/bassplay/missing --run aclocal-1.11'
ALL_LINGUAS=''
AMDEPBACKSLASH='\'
AMDEP_FALSE='#'
AMDEP_TRUE=''
AMTAR='${SHELL} /home/alek/work/bassplay/missing --run tar'
AM_BACKSLASH='\'
AM_DEFAULT_VERBOSITY='0'
AR='ar'
AUTOCONF='${SHELL} /home/alek/work/bassplay/missing --run autoconf'
AUTOHEADER='${SHELL} /home/alek/work/bassplay/missing --run autoheader'
AUTOMAKE='${SHELL} /home/alek/work/bassplay/missing --run automake-1.11'
AWK='gawk'
BASSPLAY_GTK_CFLAGS='-pthread -I/usr/include/gtk-2.0 -I/usr/lib/x86_64-linux-gnu/gtk-2.0/include -I/usr/include/atk-1.0 -I/usr/include/cairo -I/usr/include/gdk-pixbuf-2.0 -I/usr/include/pango-1.0 -I/usr/include/gio-unix-2.0/ -I/usr/include/glib-2.0 -I/usr/lib/x86_64-linux-gnu/glib-2.0/include -I/usr/include/pixman-1 -I/usr/include/freetype2 -I/usr/include/libpng12 -I/usr/include/harfbuzz  '
BASSPLAY_GTK_LIBS='-lgtk-x11-2.0 -lgdk-x11-2.0 -latk-1.0 -lgio-2.0 -lpangoft2-1.0 -lpangocairo-1.0 -lgdk_pixbuf-2.0 -lcairo -lpango-1.0 -lfreetype -lfontconfig -lgobject-2.0 -lglib-2.0  '
CATALOGS=''
CATOBJEXT='.gmo'
CC='gcc'
CCDEPMODE='depmode=gcc3'
CFLAGS='-g -O2'
CPP='gcc -E'
CPPFLAGS=''
CYGPATH_W='echo'
DATADIRNAME='share'
DEFS='-DHAVE_CONFIG_H'
DEPDIR='.deps'
DSYMUTIL=''
DUMPBIN=''
ECHO_C=''
ECHO_N='-n'
ECHO_T=''
EGREP='/bin/grep -E'
EXEEXT=''
FGREP='/bin/grep -F'
GETTEXT_PACKAGE='bassplay_gtk'
GMOFILES=''
GMSGFMT='/usr/bin/msgfmt'
GREP='/bin/grep'
INSTALL_DATA='${INSTALL} -m 644'
INSTALL_PROGRAM='${INSTALL}'
INSTALL_SCRIPT='${INSTALL}'
INSTALL_STRIP_PROGRAM='$(install_sh) -c -s'
INSTOBJEXT='.mo'
INTLLIBS=''
INTLTOOL_CAVES_RULE='%.caves:     %.caves.in     $(INTLTOOL_MERGE) $(wildcard $(top_srcdir)/po/*.po) ; LC_ALL=C $(INTLTOOL_MERGE) -d -u -c $(top_builddir)/po/.intltool-merge-cache $(top_srcdir)/po $< $@'
INTLTOOL_DESKTOP_RULE='%.desktop:   %.desktop.in   $(INTLTOOL_MERGE) $(wildcard $(top_srcdir)/po/*.po) ; LC_ALL=C $(INTLTOOL_MERGE) -d -u -c $(top_builddir)/po/.intltool-merge-cache $(top_srcdir)/po $< $@'
INTLTOOL_DIRECTORY_RULE='%.directory: %.directory.in $(INTLTOOL_MERGE) $(wildcard $(top_srcdir)/po/*.po) ; LC_ALL=C $(INTLTOOL_MERGE) -d -u -c $(top_builddir)/po/.intltool-merge-cache $(top_srcdir)/po $< $@'
INTLTOOL_EXTRACT='/usr/bin/intltool-extract'
INTLTOOL_KBD_RULE='%.kbd:       %.kbd.in       $(INTLTOOL_MERGE) $(wildcard $(top_srcdir)/po/*.po) ; LC_ALL=C $(INTLTOOL_MERGE) -x -u -m -c $(top_builddir)/po/.intltool-merge-cache $(top_srcdir)/po $< $@'
INTLTOOL_KEYS_RULE='%.keys:      %.keys.in      $(INTLTOOL_MERGE) $(wildcard $(top_srcdir)/po/*.po) ; LC_ALL=C $(INTLTOOL_MERGE) -k -u -c $(top_builddir)/po/.intltool-merge-cache $(top_srcdir)/po $< $@'
INTLTOOL_MERGE='/usr/bin/intltool-merge'
INTLTOOL_OAF_RULE='%.oaf:       %.oaf.in       $(INTLTOOL_MERGE) $(wildcard $(top_srcdir)/po/*.po) ; LC_ALL=C $(INTLTOOL_MERGE) -o -p $(top_srcdir)/po $< $@'
INTLTOOL_PERL='/usr/bin/perl'
INTLTOOL_POLICY_RULE='%.policy:    %.policy.in    $(INTLTOOL_MERGE) $(wildcard $(top_srcdir)/po/*.po) ; LC_ALL=C $(INTLTOOL_MERGE) -x -u -c $(top_builddir)/po/.intltool-merge-cache $(top_srcdir)/po $< $@'
INTLTOOL_PONG_RULE='%.pong:      %.pong.in      $(INTLTOOL_MERGE) $(wildcard $(top_srcdir)/po/*.po) ; LC_ALL=C $(INTLTOOL_MERGE) -x -u -c $(top_builddir)/po/.intltool-merge-cache $(top_srcdir)/po $< $@'
INTLTOOL_PROP_RULE='%.prop:      %.prop.in      $(INTLTOOL_MERGE) $(wildcard $(top_srcdir)/po/*.po) ; LC_ALL=C $(INTLTOOL_MERGE) -d -u -c $(top_builddir)/po/.intltool-merge-cache $(top_srcdir)/po $< $@'
INTLTOOL_SCHEMAS_RULE='%.schemas:   %.schemas.in   $(INTLTOOL_MERGE) $(wildcard $(top_srcdir)/po/*.po) ; LC_ALL=C $(INTLTOOL_MERGE) -s -u -c $(top_builddir)/po/.intltool-merge-cache $(top_srcdir)/po $< $@'
INTLTOOL_SERVER_RULE='%.server:    %.server.in    $(INTLTOOL_MERGE) $(wildcard $(top_srcdir)/po/*.po) ; LC_ALL=C $(INTLTOOL_MERGE) -o -u -c $(top_builddir)/po/.intltool-merge-cache $(top_srcdir)/po $< $@'
INTLTOOL_SERVICE_RULE='%.service: %.service.in   $(INTLTOOL_MERGE) $(wildcard $(top_srcdir)/po/*.po) ; LC_ALL=C $(INTLTOOL_MERGE) -d -u -c $(top_builddir)/po/.intltool-merge-cache $(top_srcdir)/po $< $@'
INTLTOOL_SHEET_RULE='%.sheet:     %.sheet.in     $(INTLTOOL_MERGE) $(wildcard $(top_srcdir)/po/*.po) ; LC_ALL=C $(INTLTOOL_MERGE) -x -u -c $(top_builddir)/po/.intltool-merge-cache $(top_srcdir)/po $< $@'
INTLTOOL_SOUNDLIST_RULE='%.soundlist: %.soundlist.in $(INTLTOOL_MERGE) $(wildcard $(top_srcdir)/po/*.po) ; LC_ALL=C $(INTLTOOL_MERGE) -d -u -c $(top_builddir)/po/.intltool-merge-cache $(top_srcdir)/po $< $@'
INTLTOOL_THEME_RULE='%.theme:     %.theme.in     $(INTLTOOL_MERGE) $(wildcard $(top_srcdir)/po/*.po) ; LC_ALL=C $(INTLTOOL_MERGE) -d -u -c $(top_builddir)/po/.intltool-merge-cache $(top_srcdir)/po $< $@'
INTLTOOL_UI_RULE='%.ui:        %.ui.in        $(INTLTOOL_MERGE) $(wildcard $(top_srcdir)/po/*.po) ; LC_ALL=C $(INTLTOOL_MERGE) -x -u -c $(top_builddir)/po/.intltool-merge-cache $(top_srcdir)/po $< $@'
INTLTOOL_UPDATE='/usr/bin/intltool-update'
INTLTOOL_XAM_RULE='%.xam:       %.xml.in       $(INTLTOOL_MERGE) $(wildcard $(top_srcdir)/po/*.po) ; LC_ALL=C $(INTLTOOL_MERGE) -x -u -c $(top_builddir)/po/.intltool-merge-cache $(top_srcdir)/po $< $@'
INTLTOOL_XML_NOMERGE_RULE='%.xml:       %.xml.in       $(INTLTOOL_MERGE) ; LC_ALL=C $(INTLTOOL_MERGE) -x -u /tmp $< $@'
INTLTOOL_XML_RULE='%.xml:       %.xml.in       $(INTLTOOL_MERGE) $(wildcard $(top_srcdir)/po/*.po) ; LC_ALL=C $(INTLTOOL_MERGE) -x -u -c $(top_builddir)/po/.intltool-merge-cache $(top_srcdir)/po $< $@'
LD='/usr/bin/ld -m elf_x86_64'
LDFLAGS=''
LIBOBJS=''
LIBS='-lpthread -lgthread-2.0 -lbass '
LIBTOOL='$(SHELL) $(top_builddir)/libtool'
LIPO=''
LN_S='ln -s'
LTLIBOBJS=''
MAINT=''
MAINTAINER_MODE_FALSE='#'
MAINTAINER_MODE_TRUE=''
MAKEINFO='${SHELL} /home/alek/work/bassplay/missing --run makeinfo'
MKDIR_P='/bin/mkdir -p'
MKINSTALLDIRS='./mkinstalldirs'
MSGFMT='/usr/bin/msgfmt'
MSGFMT_OPTS='-c'
MSGMERGE='/usr/bin/msgmerge'
NM='/usr/bin/nm -B'
NMEDIT=''
OBJDUMP='objdump'
OBJEXT='o'
OTOOL64=''
OTOOL=''
PACKAGE='bassplay_gtk'
PACKAGE_BUGREPORT=''
PACKAGE_NAME='bassplay_gtk'
PACKAGE_STRING='bassplay_gtk 0.1.6'
PACKAGE_TARNAME='bassplay_gtk'
PACKAGE_URL=''
PACKAGE_VERSION='0.1.6'
PATH_SEPARATOR=':'
PKG_CONFIG='/usr/bin/pkg-config'
PKG_CONFIG_LIBDIR=''
PKG_CONFIG_PATH=''
POFILES=''
POSUB='po'
PO_IN_DATADIR_FALSE=''
PO_IN_DATADIR_TRUE=''
RANLIB='ranlib'
SED='/bin/sed'
SET_MAKE=''
SHELL='/bin/bash'
STRIP='strip'
USE_NLS='yes'
VERSION='0.1.6'
XGETTEXT='/usr/bin/xgettext'
ac_ct_CC='gcc'
ac_ct_DUMPBIN=''
am__EXEEXT_FALSE=''
am__EXEEXT_TRUE='#'
am__fastdepCC_FALSE='#'
am__fastdepCC_TRUE=''
am__include='include'
am__isrc=''
am__leading_dot='.'
am__quote=''
am__tar='${AMTAR} chof - "$$tardir"'
am__untar='${AMTAR} xf -'
bindir='${exec_prefix}/bin'
build='x86_64-unknown-linux-gnu'
build_alias=''
build_cpu='x86_64'
build_os='linux-gnu'
build_vendor='unknown'
datadir='${datarootdir}'
datarootdir='${prefix}/share'
docdir='${datarootdir}/doc/${PACKAGE_TARNAME}'
dvidir='${docdir}'
exec_prefix='${prefix}'
host='x86_64-unknown-linux-gnu'
host_alias=''
host_cpu='x86_64'
host_os='linux-gnu'
host_vendor='unknown'
htmldir='${docdir}'
includedir='${prefix}/include'
infodir='${datarootdir}/info'
install_sh='${SHELL} /home/alek/work/bassplay/install-sh'
libdir='${exec_prefix}/lib'
libexecdir='${exec_prefix}/libexec'
localedir='${datarootdir}/locale'
localstatedir='${prefix}/var'
lt_ECHO='echo'
mandir='${datarootdir}/man'
mkdir_p='/bin/mkdir -p'
oldincludedir='/usr/include'
pdfdir='${docdir}'
prefix='/usr/local'
program_transform_name='s,x,x,'
psdir='${docdir}'
sbindir='${exec_prefix}/sbin'
sharedstatedir='${prefix}/com'
sysconfdir='${prefix}/etc'
target_alias=''

## ----------- ##
## confdefs.h. ##
## ----------- ##

/* confdefs.h */
#define PACKAGE_NAME "bassplay_gtk"
#define PACKAGE_TARNAME "bassplay_gtk"
#define PACKAGE_VERSION "0.1.6"
#define PACKAGE_STRING "bassplay_gtk 0.1.6"
#define PACKAGE_BUGREPORT ""
#define PACKAGE_URL ""
#define PACKAGE "bassplay_gtk"
#define VERSION "0.1.6"
#define GETTEXT_PACKAGE "bassplay_gtk"
#define STDC_HEADERS 1
#define HAVE_SYS_TYPES_H 1
#define HAVE_SYS_STAT_H 1
#define HAVE_STDLIB_H 1
#define HAVE_STRING_H 1
#define HAVE_MEMORY_H 1
#define HAVE_STRINGS_H 1
#define HAVE_INTTYPES_H 1
#define HAVE_STDINT_H 1
#define HAVE_UNISTD_H 1
#define HAVE_LOCALE_H 1
#define HAVE_LC_MESSAGES 1
#define HAVE_BIND_TEXTDOMAIN_CODESET 1
#define HAVE_GETTEXT 1
#define HAVE_DCGETTEXT 1
#define ENABLE_NLS 1
#define PACKAGE_DATA_DIR "/usr/local/share/bassplay_gtk"
#define HAVE_LIBBASS 1
#define HAVE_LIBGTHREAD_2_0 1
#define HAVE_LIBPTHREAD 1
#define HAVE_DLFCN_H 1
#define LT_OBJDIR ".libs/"

configure: exit 0

## ---------------------- ##
## Running config.status. ##
## ---------------------- ##

This file was extended by bassplay_gtk config.status 0.1.6, which was
generated by GNU Autoconf 2.69.  Invocation command line was

  CONFIG_FILES    = 
  CONFIG_HEADERS  = 
  CONFIG_LINKS    = 
  CONFIG_COMMANDS = 
  $ ./config.status 

on alek-Lenovo-G560

config.status:1147: creating Makefile
config.status:1147: creating src/Makefile
config.status:1147: creating po/Makefile.in
config.status:1147: creating config.h
config.status:1376: executing depfiles commands
config.status:1376: executing default-1 commands
config.status:1376: executing libtool commands
config.status:1376: executing po/stamp-it commands
